<?xml version="1.0" encoding="UTF-8"?>
<!-- Generated by org.testng.reporters.JUnitXMLReporter -->
<testsuite ignored="0" hostname="DESKTOP-QRB56CU" failures="0" tests="6" name="Test" time="16.081" errors="0" timestamp="2025-05-23T09:28:08 EDT">
  <testcase classname="grid_docker.FacebookHomePage2" name="test2" time="9.264"/>
  <testcase classname="grid_docker.FacebookHomePage1" name="test1" time="9.278"/>
  <testcase classname="grid_docker.FacebookHomePage3" name="test3" time="9.378"/>
  <testcase classname="grid_docker.FacebookHomePage6" name="test6" time="6.58"/>
  <testcase classname="grid_docker.FacebookHomePage5" name="test5" time="6.709"/>
  <testcase classname="grid_docker.FacebookHomePage4" name="test4" time="6.753"/>
</testsuite> <!-- Test -->
