<?xml version="1.0" encoding="UTF-8"?>
<testng-results ignored="0" total="6" passed="6" failed="0" skipped="0">
  <reporter-output>
  </reporter-output>
  <suite started-at="2025-05-23T09:27:52 EDT" name="Suite" finished-at="2025-05-23T09:28:08 EDT" duration-ms="16081">
    <groups>
    </groups>
    <test started-at="2025-05-23T09:27:52 EDT" name="Test" finished-at="2025-05-23T09:28:08 EDT" duration-ms="16081">
      <class name="grid_docker.FacebookHomePage3">
        <test-method signature="test3()[pri:0, instance:grid_docker.FacebookHomePage3@28eaa59a]" started-at="2025-05-23T09:27:52 EDT" name="test3" finished-at="2025-05-23T09:28:01 EDT" duration-ms="9378" status="PASS">
          <reporter-output>
          </reporter-output>
        </test-method> <!-- test3 -->
      </class> <!-- grid_docker.FacebookHomePage3 -->
      <class name="grid_docker.FacebookHomePage4">
        <test-method signature="test4()[pri:0, instance:grid_docker.FacebookHomePage4@3427b02d]" started-at="2025-05-23T09:28:01 EDT" name="test4" finished-at="2025-05-23T09:28:08 EDT" duration-ms="6753" status="PASS">
          <reporter-output>
          </reporter-output>
        </test-method> <!-- test4 -->
      </class> <!-- grid_docker.FacebookHomePage4 -->
      <class name="grid_docker.FacebookHomePage1">
        <test-method signature="test1()[pri:0, instance:grid_docker.FacebookHomePage1@4f209819]" started-at="2025-05-23T09:27:52 EDT" name="test1" finished-at="2025-05-23T09:28:01 EDT" duration-ms="9278" status="PASS">
          <reporter-output>
          </reporter-output>
        </test-method> <!-- test1 -->
      </class> <!-- grid_docker.FacebookHomePage1 -->
      <class name="grid_docker.FacebookHomePage2">
        <test-method signature="test2()[pri:0, instance:grid_docker.FacebookHomePage2@7ed7259e]" started-at="2025-05-23T09:27:52 EDT" name="test2" finished-at="2025-05-23T09:28:01 EDT" duration-ms="9264" status="PASS">
          <reporter-output>
          </reporter-output>
        </test-method> <!-- test2 -->
      </class> <!-- grid_docker.FacebookHomePage2 -->
      <class name="grid_docker.FacebookHomePage5">
        <test-method signature="test5()[pri:0, instance:grid_docker.FacebookHomePage5@647e447]" started-at="2025-05-23T09:28:01 EDT" name="test5" finished-at="2025-05-23T09:28:08 EDT" duration-ms="6709" status="PASS">
          <reporter-output>
          </reporter-output>
        </test-method> <!-- test5 -->
      </class> <!-- grid_docker.FacebookHomePage5 -->
      <class name="grid_docker.FacebookHomePage6">
        <test-method signature="test6()[pri:0, instance:grid_docker.FacebookHomePage6@41fbdac4]" started-at="2025-05-23T09:28:01 EDT" name="test6" finished-at="2025-05-23T09:28:08 EDT" duration-ms="6580" status="PASS">
          <reporter-output>
          </reporter-output>
        </test-method> <!-- test6 -->
      </class> <!-- grid_docker.FacebookHomePage6 -->
    </test> <!-- Test -->
  </suite> <!-- Suite -->
</testng-results>
